2026-04-27 22:11:33.778 [info] RunInTerminalTool: Command rewritten by TOe: Prepended with a space to exclude from shell history []
2026-04-27 22:11:33.810 [info] RunInTerminalTool#CommandLineAutoApproveAnalyzer: Parsed sub-commands via bash grammar [["sed -i '/^0\\.0\\.0\\.0.*analytics/d' /etc/hosts"]]
2026-04-27 22:11:33.811 [info] RunInTerminalTool#CommandLineAutoApproveAnalyzer: All sub-commands auto-approved [null]
2026-04-27 22:11:33.811 [info] RunInTerminalTool#CommandLineAutoApproveAnalyzer: - Command 'sed -i '/^0\.0\.0\.0.*analytics/d' /etc/hosts' is approved by allow list rule: sed [null]
2026-04-27 22:11:33.811 [info] RunInTerminalTool#CommandLineAutoApproveAnalyzer: - Command line 'sed -i '/^0\.0\.0\.0.*analytics/d' /etc/hosts' has no matching auto approve entries [null]
2026-04-27 22:11:33.814 [info] RunInTerminalTool#CommandLineFileWriteAnalyzer: Cwd could not be detected [null]
2026-04-27 22:11:33.814 [info] RunInTerminalTool#CommandLineFileWriteAnalyzer: File writes detected [["/etc/hosts"]]
2026-04-27 22:11:33.814 [info] RunInTerminalTool#CommandLineFileWriteAnalyzer: File writes blocked - no workspace folders [null]
2026-04-27 22:11:36.860 [info] ToolTerminalCreator#createTerminal: Waiting 5000ms for shell integration []
2026-04-27 22:11:36.860 [info] ToolTerminalCreator#_waitForShellIntegration: base 5000ms, effective 5000ms, screenReaderOptimized=false []
2026-04-27 22:11:36.875 [info] ToolTerminalCreator#_waitForShellIntegration: Rich SI available eventually []
2026-04-27 22:11:36.877 [info] ToolTerminalCreator#_waitForShellIntegration: Promise complete, disposing store []
2026-04-27 22:11:36.878 [info] RunInTerminalTool: Using `rich` execute strategy for command ` sed -i '/^0\.0\.0\.0.*analytics/d' /etc/hosts` []
2026-04-27 22:11:36.902 [info] RunInTerminalTool: Finished `rich` execute strategy with exitCode `1`, result.length `43`, error `undefined` []
2026-04-27 22:11:36.902 [info] RunInTerminalTool: shellIntegrationQuality=rich at banner decision time []
2026-04-27 22:11:40.332 [info] RunInTerminalTool: Command rewritten by TOe: Prepended with a space to exclude from shell history []
2026-04-27 22:11:40.338 [info] RunInTerminalTool#CommandLineAutoApproveAnalyzer: Parsed sub-commands via bash grammar [["sed -i '/0\\.0\\.0\\.0.*analytics/d' /etc/hosts"]]
2026-04-27 22:11:40.339 [info] RunInTerminalTool#CommandLineAutoApproveAnalyzer: All sub-commands auto-approved [null]
2026-04-27 22:11:40.339 [info] RunInTerminalTool#CommandLineAutoApproveAnalyzer: - Command 'sed -i '/0\.0\.0\.0.*analytics/d' /etc/hosts' is approved by allow list rule: sed [null]
2026-04-27 22:11:40.339 [info] RunInTerminalTool#CommandLineAutoApproveAnalyzer: - Command line 'sed -i '/0\.0\.0\.0.*analytics/d' /etc/hosts' has no matching auto approve entries [null]
2026-04-27 22:11:40.341 [info] RunInTerminalTool#CommandLineFileWriteAnalyzer: Detected cwd ["file:///Users/lastnamearya"]
2026-04-27 22:11:40.341 [info] RunInTerminalTool#CommandLineFileWriteAnalyzer: File writes detected [["file:///etc/hosts"]]
2026-04-27 22:11:40.341 [info] RunInTerminalTool#CommandLineFileWriteAnalyzer: File writes blocked - no workspace folders [null]
2026-04-27 22:11:44.266 [info] RunInTerminalTool: Using `rich` execute strategy for command ` sed -i '/0\.0\.0\.0.*analytics/d' /etc/hosts` []
2026-04-27 22:11:44.290 [info] RunInTerminalTool: Finished `rich` execute strategy with exitCode `1`, result.length `43`, error `undefined` []
2026-04-27 22:11:44.290 [info] RunInTerminalTool: shellIntegrationQuality=rich at banner decision time []
2026-04-27 22:11:49.261 [info] RunInTerminalTool: Command rewritten by TOe: Prepended with a space to exclude from shell history []
2026-04-27 22:11:49.269 [info] RunInTerminalTool#CommandLineAutoApproveAnalyzer: Parsed sub-commands via bash grammar [["grep -v \"0\\.0\\.0\\.0.*analytics\" /etc/hosts","mv /tmp/hosts.tmp /etc/hosts"]]
2026-04-27 22:11:49.270 [info] RunInTerminalTool#CommandLineAutoApproveAnalyzer: All sub-commands NOT auto-approved [null]
2026-04-27 22:11:49.270 [info] RunInTerminalTool#CommandLineAutoApproveAnalyzer: Command line NOT auto-approved [null]
2026-04-27 22:11:49.270 [info] RunInTerminalTool#CommandLineAutoApproveAnalyzer: - Command 'grep -v "0\.0\.0\.0.*analytics" /etc/hosts' is approved by allow list rule: grep [null]
2026-04-27 22:11:49.270 [info] RunInTerminalTool#CommandLineAutoApproveAnalyzer: - Command 'mv /tmp/hosts.tmp /etc/hosts' has no matching auto approve entries [null]
2026-04-27 22:11:49.270 [info] RunInTerminalTool#CommandLineAutoApproveAnalyzer: - Command line 'grep -v "0\.0\.0\.0.*analytics" /etc/hosts > /tmp/hosts.tmp && mv /tmp/hosts.tmp /etc/hosts' has no matching auto approve entries [null]
2026-04-27 22:11:49.273 [info] RunInTerminalTool#CommandLineFileWriteAnalyzer: Detected cwd ["file:///Users/lastnamearya"]
2026-04-27 22:11:49.273 [info] RunInTerminalTool#CommandLineFileWriteAnalyzer: File writes detected [["file:///tmp/hosts.tmp"]]
2026-04-27 22:11:49.273 [info] RunInTerminalTool#CommandLineFileWriteAnalyzer: File writes blocked - no workspace folders [null]
2026-04-27 22:12:52.078 [info] RunInTerminalTool: Command rewritten by TOe: Prepended with a space to exclude from shell history []
2026-04-27 22:12:52.086 [info] RunInTerminalTool#CommandLineAutoApproveAnalyzer: Parsed sub-commands via bash grammar [["grep -v \"analytics\" /etc/hosts","mv /tmp/hosts_cleaned /etc/hosts"]]
2026-04-27 22:12:52.086 [info] RunInTerminalTool#CommandLineAutoApproveAnalyzer: All sub-commands NOT auto-approved [null]
2026-04-27 22:12:52.086 [info] RunInTerminalTool#CommandLineAutoApproveAnalyzer: Command line NOT auto-approved [null]
2026-04-27 22:12:52.086 [info] RunInTerminalTool#CommandLineAutoApproveAnalyzer: - Command 'grep -v "analytics" /etc/hosts' is approved by allow list rule: grep [null]
2026-04-27 22:12:52.086 [info] RunInTerminalTool#CommandLineAutoApproveAnalyzer: - Command 'mv /tmp/hosts_cleaned /etc/hosts' has no matching auto approve entries [null]
2026-04-27 22:12:52.086 [info] RunInTerminalTool#CommandLineAutoApproveAnalyzer: - Command line 'grep -v "analytics" /etc/hosts > /tmp/hosts_cleaned && mv /tmp/hosts_cleaned /etc/hosts' has no matching auto approve entries [null]
2026-04-27 22:12:52.089 [info] RunInTerminalTool#CommandLineFileWriteAnalyzer: Detected cwd ["file:///Users/lastnamearya"]
2026-04-27 22:12:52.089 [info] RunInTerminalTool#CommandLineFileWriteAnalyzer: File writes detected [["file:///tmp/hosts_cleaned"]]
2026-04-27 22:12:52.089 [info] RunInTerminalTool#CommandLineFileWriteAnalyzer: File writes blocked - no workspace folders [null]
2026-04-27 22:13:09.771 [info] RunInTerminalTool: Using `rich` execute strategy for command ` grep -v "analytics" /etc/hosts > /tmp/hosts_cleaned && mv /tmp/hosts_cleaned /etc/hosts` []
2026-04-27 22:13:10.284 [info] RunInTerminalTool: shellIntegrationQuality=rich at banner decision time []
2026-04-27 22:13:22.323 [warning] Shell integration failed to add capabilities within 10 seconds []
2026-04-27 22:13:36.955 [warning] Shell integration failed to add capabilities within 10 seconds []
2026-04-27 22:13:36.970 [warning] Shell integration failed to add capabilities within 10 seconds []
