2026-04-27 22:10:08.087 [info] Reading sessions from keychain...
2026-04-27 22:10:08.087 [info] Getting sessions for all scopes...
2026-04-27 22:10:08.105 [info] Got 0 sessions for ...
2026-04-27 22:10:08.105 [info] Getting sessions for all scopes...
2026-04-27 22:10:08.105 [info] Got 0 sessions for ...
2026-04-27 22:10:08.106 [info] Getting sessions for all scopes...
2026-04-27 22:10:08.106 [info] Got 0 sessions for ...
2026-04-27 22:10:08.487 [info] Getting sessions for project,read:org,read:user,repo,user:email,workflow...
2026-04-27 22:10:08.489 [info] Got 0 sessions for project,read:org,read:user,repo,user:email,workflow...
2026-04-27 22:10:08.517 [info] Getting sessions for read:user,repo,user:email...
2026-04-27 22:10:08.518 [info] Got 0 sessions for read:user,repo,user:email...
2026-04-27 22:10:08.519 [info] Getting sessions for read:user,repo,user:email,workflow...
2026-04-27 22:10:08.519 [info] Got 0 sessions for read:user,repo,user:email,workflow...
2026-04-27 22:10:08.521 [info] Getting sessions for read:user,repo,user:email...
2026-04-27 22:10:08.523 [info] Got 0 sessions for read:user,repo,user:email...
2026-04-27 22:10:08.529 [info] Getting sessions for read:user,repo,user:email,workflow...
2026-04-27 22:10:08.529 [info] Got 0 sessions for read:user,repo,user:email,workflow...
2026-04-27 22:10:09.723 [info] Getting sessions for all scopes...
2026-04-27 22:10:09.723 [info] Got 0 sessions for ...
2026-04-27 22:10:10.473 [info] Getting sessions for all scopes...
2026-04-27 22:10:10.473 [info] Got 0 sessions for ...
2026-04-27 22:10:51.729 [info] Logging in with 'any' account...
2026-04-27 22:10:51.729 [info] Logging in for the following scopes: read:user repo user:email workflow
2026-04-27 22:10:51.784 [info] Trying with local server... (read:user repo user:email workflow)
2026-04-27 22:10:55.841 [info] Exchanging code for token...
2026-04-27 22:10:56.400 [info] Token exchange success!
2026-04-27 22:10:56.402 [info] Getting user info...
2026-04-27 22:10:56.960 [info] Got account info!
2026-04-27 22:10:56.961 [info] Storing 1 sessions...
2026-04-27 22:10:56.966 [info] Reading sessions from keychain...
2026-04-27 22:10:56.966 [info] Stored 1 sessions!
2026-04-27 22:10:56.966 [info] Login success!
2026-04-27 22:10:56.974 [info] Got stored sessions!
2026-04-27 22:10:56.974 [info] Got 1 verified sessions.
2026-04-27 22:10:56.974 [info] Getting sessions for read:user,repo,user:email...
2026-04-27 22:10:56.974 [info] Got 0 sessions for read:user,repo,user:email...
2026-04-27 22:10:56.974 [info] Getting sessions for project,read:org,read:user,repo,user:email,workflow...
2026-04-27 22:10:56.974 [info] Got 0 sessions for project,read:org,read:user,repo,user:email,workflow...
2026-04-27 22:10:56.975 [info] Getting sessions for read:user,repo,user:email...
2026-04-27 22:10:56.975 [info] Got 0 sessions for read:user,repo,user:email...
2026-04-27 22:10:56.975 [info] Getting sessions for read:user,repo,user:email,workflow...
2026-04-27 22:10:56.975 [info] Got 1 sessions for read:user,repo,user:email,workflow...
2026-04-27 22:10:56.980 [info] Getting sessions for read:user,repo,user:email...
2026-04-27 22:10:56.981 [info] Got 0 sessions for read:user,repo,user:email...
2026-04-27 22:10:57.070 [info] Getting sessions for all scopes...
2026-04-27 22:10:57.070 [info] Got 1 sessions for ...
2026-04-27 22:10:57.070 [info] Getting sessions for all scopes...
2026-04-27 22:10:57.070 [info] Got 1 sessions for ...
2026-04-27 22:10:57.941 [info] FetcherService: Node fetch failed with status: 429 Too Many Requests
2026-04-27 22:10:57.941 [info] Unable to resolve optional EDU details. Status: 429 Too Many Requests
2026-04-27 22:11:01.765 [info] Getting sessions for all scopes...
2026-04-27 22:11:01.765 [info] Got 1 sessions for ...
2026-04-27 22:11:01.765 [info] Getting sessions for all scopes...
2026-04-27 22:11:01.765 [info] Got 1 sessions for ...
2026-04-27 22:11:01.831 [info] Getting sessions for all scopes...
2026-04-27 22:11:01.831 [info] Got 1 sessions for ...
2026-04-27 22:11:01.846 [info] Getting sessions for read:user,repo,user:email,workflow...
2026-04-27 22:11:01.846 [info] Got 1 sessions for read:user,repo,user:email,workflow...
2026-04-27 22:11:02.655 [info] Getting sessions for all scopes...
2026-04-27 22:11:02.655 [info] Got 1 sessions for ...
2026-04-27 22:11:02.655 [info] Getting sessions for all scopes...
2026-04-27 22:11:02.655 [info] Got 1 sessions for ...
2026-04-27 22:11:02.655 [info] Getting sessions for read:user,repo,user:email,workflow...
2026-04-27 22:11:02.656 [info] Got 1 sessions for read:user,repo,user:email,workflow...
2026-04-27 22:11:02.693 [info] Getting sessions for all scopes...
2026-04-27 22:11:02.693 [info] Got 1 sessions for ...
2026-04-27 22:11:02.693 [info] Getting sessions for all scopes...
2026-04-27 22:11:02.693 [info] Got 1 sessions for ...
2026-04-27 22:11:02.696 [info] Getting sessions for read:user,repo,user:email,workflow...
2026-04-27 22:11:02.697 [info] Got 1 sessions for read:user,repo,user:email,workflow...
2026-04-27 22:11:02.782 [info] Getting sessions for all scopes...
2026-04-27 22:11:02.782 [info] Got 1 sessions for ...
2026-04-27 22:11:02.784 [info] Getting sessions for all scopes...
2026-04-27 22:11:02.784 [info] Got 1 sessions for ...
2026-04-27 22:11:03.096 [info] Getting sessions for all scopes...
2026-04-27 22:11:03.096 [info] Got 1 sessions for ...
2026-04-27 22:11:03.096 [info] Getting sessions for read:user,repo,user:email,workflow...
2026-04-27 22:11:03.096 [info] Got 1 sessions for read:user,repo,user:email,workflow...
2026-04-27 22:11:03.131 [info] Getting sessions for all scopes...
2026-04-27 22:11:03.131 [info] Got 1 sessions for ...
2026-04-27 22:11:03.133 [info] Getting sessions for read:user,repo,user:email,workflow...
2026-04-27 22:11:03.133 [info] Got 1 sessions for read:user,repo,user:email,workflow...
2026-04-27 22:11:03.179 [info] Getting sessions for all scopes...
2026-04-27 22:11:03.179 [info] Got 1 sessions for ...
2026-04-27 22:11:03.179 [info] Getting sessions for read:user,repo,user:email,workflow...
2026-04-27 22:11:03.179 [info] Got 1 sessions for read:user,repo,user:email,workflow...
2026-04-27 22:11:03.443 [info] Getting sessions for all scopes...
2026-04-27 22:11:03.443 [info] Got 1 sessions for ...
2026-04-27 22:11:03.446 [info] Getting sessions for read:user,repo,user:email,workflow...
2026-04-27 22:11:03.446 [info] Got 1 sessions for read:user,repo,user:email,workflow...
2026-04-27 22:11:03.630 [info] Getting sessions for all scopes...
2026-04-27 22:11:03.630 [info] Got 1 sessions for ...
2026-04-27 22:11:03.630 [info] Getting sessions for read:user,repo,user:email,workflow...
2026-04-27 22:11:03.630 [info] Got 1 sessions for read:user,repo,user:email,workflow...
2026-04-27 22:11:04.030 [info] Getting sessions for all scopes...
2026-04-27 22:11:04.030 [info] Got 1 sessions for ...
2026-04-27 22:11:04.031 [info] Getting sessions for read:user,repo,user:email,workflow...
2026-04-27 22:11:04.031 [info] Got 1 sessions for read:user,repo,user:email,workflow...
2026-04-27 22:11:05.100 [info] Getting sessions for all scopes...
2026-04-27 22:11:05.100 [info] Got 1 sessions for ...
2026-04-27 22:11:05.101 [info] Getting sessions for read:user,repo,user:email,workflow...
2026-04-27 22:11:05.101 [info] Got 1 sessions for read:user,repo,user:email,workflow...
2026-04-27 22:11:06.418 [info] Getting sessions for all scopes...
2026-04-27 22:11:06.418 [info] Got 1 sessions for ...
2026-04-27 22:11:06.419 [info] Getting sessions for read:user,repo,user:email,workflow...
2026-04-27 22:11:06.419 [info] Got 1 sessions for read:user,repo,user:email,workflow...
2026-04-27 22:11:12.772 [info] Getting sessions for all scopes...
2026-04-27 22:11:12.772 [info] Got 1 sessions for ...
2026-04-27 22:11:12.772 [info] Getting sessions for all scopes...
2026-04-27 22:11:12.772 [info] Got 1 sessions for ...
2026-04-27 22:12:02.495 [info] Logging in with 'any' account...
2026-04-27 22:12:02.495 [info] Logging in for the following scopes: read:user repo user:email
2026-04-27 22:12:02.496 [info] Trying with local server... (read:user repo user:email)
2026-04-27 22:12:06.381 [info] Exchanging code for token...
2026-04-27 22:12:06.811 [info] Token exchange success!
2026-04-27 22:12:06.814 [info] Getting user info...
2026-04-27 22:12:07.368 [info] Got account info!
2026-04-27 22:12:07.369 [info] Storing 2 sessions...
2026-04-27 22:12:07.370 [info] Reading sessions from keychain...
2026-04-27 22:12:07.371 [info] Stored 2 sessions!
2026-04-27 22:12:07.371 [info] Login success!
2026-04-27 22:12:07.375 [info] Got stored sessions!
2026-04-27 22:12:07.375 [info] Got 2 verified sessions.
2026-04-27 22:12:07.377 [info] Getting sessions for read:user,repo,user:email,workflow...
2026-04-27 22:12:07.377 [info] Got 1 sessions for read:user,repo,user:email,workflow...
2026-04-27 22:12:07.377 [info] Getting sessions for all scopes...
2026-04-27 22:12:07.377 [info] Got 2 sessions for ...
2026-04-27 22:12:07.377 [info] Getting sessions for all scopes...
2026-04-27 22:12:07.377 [info] Got 2 sessions for ...
2026-04-27 22:12:07.377 [info] Getting sessions for read:user,repo,user:email...
2026-04-27 22:12:07.377 [info] Got 1 sessions for read:user,repo,user:email...
2026-04-27 22:12:07.378 [info] Getting sessions for read:user,repo,user:email,workflow...
2026-04-27 22:12:07.378 [info] Got 1 sessions for read:user,repo,user:email,workflow...
2026-04-27 22:12:07.378 [info] Getting sessions for read:user,repo,user:email...
2026-04-27 22:12:07.378 [info] Got 1 sessions for read:user,repo,user:email...
2026-04-27 22:12:07.379 [info] Getting sessions for read:user,repo,user:email...
2026-04-27 22:12:07.379 [info] Got 1 sessions for read:user,repo,user:email...
2026-04-27 22:12:07.380 [info] Getting sessions for read:user,repo,user:email...
2026-04-27 22:12:07.380 [info] Got 1 sessions for read:user,repo,user:email...
2026-04-27 22:12:07.380 [info] Getting sessions for read:user,repo,user:email...
2026-04-27 22:12:07.380 [info] Got 1 sessions for read:user,repo,user:email...
2026-04-27 22:12:07.381 [info] Getting sessions for read:user,repo,user:email...
2026-04-27 22:12:07.381 [info] Got 1 sessions for read:user,repo,user:email...
2026-04-27 22:12:07.382 [info] Getting sessions for read:user,repo,user:email...
2026-04-27 22:12:07.382 [info] Got 1 sessions for read:user,repo,user:email...
2026-04-27 22:12:07.478 [info] Getting sessions for all scopes...
2026-04-27 22:12:07.478 [info] Got 2 sessions for ...
2026-04-27 22:12:07.479 [info] Getting sessions for all scopes...
2026-04-27 22:12:07.479 [info] Got 2 sessions for ...
2026-04-27 22:12:10.450 [info] Getting sessions for all scopes...
2026-04-27 22:12:10.450 [info] Got 2 sessions for ...
2026-04-27 22:12:10.451 [info] Getting sessions for all scopes...
2026-04-27 22:12:10.451 [info] Got 2 sessions for ...
2026-04-27 22:15:20.336 [info] Getting sessions for all scopes...
2026-04-27 22:15:20.336 [info] Got 2 sessions for ...
2026-04-27 22:15:20.336 [info] Getting sessions for all scopes...
2026-04-27 22:15:20.336 [info] Got 2 sessions for ...
